CRITICAL - 2024-05-04 05:59:25 --> Undefined variable $subject_list
in APPPATH\Controllers\SubjectListController.php on line 23.
 1 APPPATH\Controllers\SubjectListController.php(23): CodeIgniter\Debug\Exceptions->errorHandler(2, 'Undefined variable $subject_list', 'C:\\laragon\\www\\Colegio_de_PuertoGalera\\app\\Controllers\\SubjectListController.php', 23)
 2 SYSTEMPATH\CodeIgniter.php(919): App\Controllers\SubjectListController->store()
 3 SYSTEMPATH\CodeIgniter.php(494): CodeIgniter\CodeIgniter->runController(Object(App\Controllers\SubjectListController))
 4 SYSTEMPATH\CodeIgniter.php(353): CodeIgniter\CodeIgniter->handleRequest(null, Object(Config\Cache), false)
 5 FCPATH\index.php(79): CodeIgniter\CodeIgniter->run()
 6 SYSTEMPATH\Commands\Server\rewrite.php(47): require_once('C:\\laragon\\www\\Colegio_de_PuertoGalera\\public\\index.php')
CRITICAL - 2024-05-04 06:00:53 --> Undefined variable $subject_list
in APPPATH\Controllers\SubjectListController.php on line 23.
 1 APPPATH\Controllers\SubjectListController.php(23): CodeIgniter\Debug\Exceptions->errorHandler(2, 'Undefined variable $subject_list', 'C:\\laragon\\www\\Colegio_de_PuertoGalera\\app\\Controllers\\SubjectListController.php', 23)
 2 SYSTEMPATH\CodeIgniter.php(919): App\Controllers\SubjectListController->store()
 3 SYSTEMPATH\CodeIgniter.php(494): CodeIgniter\CodeIgniter->runController(Object(App\Controllers\SubjectListController))
 4 SYSTEMPATH\CodeIgniter.php(353): CodeIgniter\CodeIgniter->handleRequest(null, Object(Config\Cache), false)
 5 FCPATH\index.php(79): CodeIgniter\CodeIgniter->run()
 6 SYSTEMPATH\Commands\Server\rewrite.php(47): require_once('C:\\laragon\\www\\Colegio_de_PuertoGalera\\public\\index.php')
CRITICAL - 2024-05-04 06:01:12 --> Undefined variable $subject_list
in APPPATH\Controllers\SubjectListController.php on line 23.
 1 APPPATH\Controllers\SubjectListController.php(23): CodeIgniter\Debug\Exceptions->errorHandler(2, 'Undefined variable $subject_list', 'C:\\laragon\\www\\Colegio_de_PuertoGalera\\app\\Controllers\\SubjectListController.php', 23)
 2 SYSTEMPATH\CodeIgniter.php(919): App\Controllers\SubjectListController->store()
 3 SYSTEMPATH\CodeIgniter.php(494): CodeIgniter\CodeIgniter->runController(Object(App\Controllers\SubjectListController))
 4 SYSTEMPATH\CodeIgniter.php(353): CodeIgniter\CodeIgniter->handleRequest(null, Object(Config\Cache), false)
 5 FCPATH\index.php(79): CodeIgniter\CodeIgniter->run()
 6 SYSTEMPATH\Commands\Server\rewrite.php(47): require_once('C:\\laragon\\www\\Colegio_de_PuertoGalera\\public\\index.php')
CRITICAL - 2024-05-04 14:11:40 --> Undefined array key "name"
in APPPATH\Views\admin\faculty_list.php on line 25.
 1 APPPATH\Views\admin\faculty_list.php(25): CodeIgniter\Debug\Exceptions->errorHandler(2, 'Undefined array key "name"', 'C:\\laragon\\www\\Colegio_de_PuertoGalera\\app\\Views\\admin\\faculty_list.php', 25)
 2 SYSTEMPATH\View\View.php(226): include('C:\\laragon\\www\\Colegio_de_PuertoGalera\\app\\Views\\admin\\faculty_list.php')
 3 SYSTEMPATH\View\View.php(229): CodeIgniter\View\View->CodeIgniter\View\{closure}()
 4 SYSTEMPATH\Common.php(1188): CodeIgniter\View\View->render('admin/faculty_list', [], true)
 5 APPPATH\Controllers\FacultyController.php(20): view('admin/faculty_list', [...])
 6 SYSTEMPATH\CodeIgniter.php(919): App\Controllers\FacultyController->index()
 7 SYSTEMPATH\CodeIgniter.php(494): CodeIgniter\CodeIgniter->runController(Object(App\Controllers\FacultyController))
 8 SYSTEMPATH\CodeIgniter.php(353): CodeIgniter\CodeIgniter->handleRequest(null, Object(Config\Cache), false)
 9 FCPATH\index.php(79): CodeIgniter\CodeIgniter->run()
10 SYSTEMPATH\Commands\Server\rewrite.php(47): require_once('C:\\laragon\\www\\Colegio_de_PuertoGalera\\public\\index.php')
CRITICAL - 2024-05-04 14:11:42 --> Undefined array key "name"
in APPPATH\Views\admin\faculty_list.php on line 25.
 1 APPPATH\Views\admin\faculty_list.php(25): CodeIgniter\Debug\Exceptions->errorHandler(2, 'Undefined array key "name"', 'C:\\laragon\\www\\Colegio_de_PuertoGalera\\app\\Views\\admin\\faculty_list.php', 25)
 2 SYSTEMPATH\View\View.php(226): include('C:\\laragon\\www\\Colegio_de_PuertoGalera\\app\\Views\\admin\\faculty_list.php')
 3 SYSTEMPATH\View\View.php(229): CodeIgniter\View\View->CodeIgniter\View\{closure}()
 4 SYSTEMPATH\Common.php(1188): CodeIgniter\View\View->render('admin/faculty_list', [], true)
 5 APPPATH\Controllers\FacultyController.php(20): view('admin/faculty_list', [...])
 6 SYSTEMPATH\CodeIgniter.php(919): App\Controllers\FacultyController->index()
 7 SYSTEMPATH\CodeIgniter.php(494): CodeIgniter\CodeIgniter->runController(Object(App\Controllers\FacultyController))
 8 SYSTEMPATH\CodeIgniter.php(353): CodeIgniter\CodeIgniter->handleRequest(null, Object(Config\Cache), false)
 9 FCPATH\index.php(79): CodeIgniter\CodeIgniter->run()
10 SYSTEMPATH\Commands\Server\rewrite.php(47): require_once('C:\\laragon\\www\\Colegio_de_PuertoGalera\\public\\index.php')
CRITICAL - 2024-05-04 14:15:46 --> Undefined array key "middle_name"
in APPPATH\Views\admin\faculty_list.php on line 30.
 1 APPPATH\Views\admin\faculty_list.php(30): CodeIgniter\Debug\Exceptions->errorHandler(2, 'Undefined array key "middle_name"', 'C:\\laragon\\www\\Colegio_de_PuertoGalera\\app\\Views\\admin\\faculty_list.php', 30)
 2 SYSTEMPATH\View\View.php(226): include('C:\\laragon\\www\\Colegio_de_PuertoGalera\\app\\Views\\admin\\faculty_list.php')
 3 SYSTEMPATH\View\View.php(229): CodeIgniter\View\View->CodeIgniter\View\{closure}()
 4 SYSTEMPATH\Common.php(1188): CodeIgniter\View\View->render('admin/faculty_list', [], true)
 5 APPPATH\Controllers\FacultyController.php(20): view('admin/faculty_list', [...])
 6 SYSTEMPATH\CodeIgniter.php(919): App\Controllers\FacultyController->index()
 7 SYSTEMPATH\CodeIgniter.php(494): CodeIgniter\CodeIgniter->runController(Object(App\Controllers\FacultyController))
 8 SYSTEMPATH\CodeIgniter.php(353): CodeIgniter\CodeIgniter->handleRequest(null, Object(Config\Cache), false)
 9 FCPATH\index.php(79): CodeIgniter\CodeIgniter->run()
10 SYSTEMPATH\Commands\Server\rewrite.php(47): require_once('C:\\laragon\\www\\Colegio_de_PuertoGalera\\public\\index.php')
CRITICAL - 2024-05-04 14:16:27 --> Undefined array key "middle_name"
in APPPATH\Views\admin\faculty_list.php on line 30.
 1 APPPATH\Views\admin\faculty_list.php(30): CodeIgniter\Debug\Exceptions->errorHandler(2, 'Undefined array key "middle_name"', 'C:\\laragon\\www\\Colegio_de_PuertoGalera\\app\\Views\\admin\\faculty_list.php', 30)
 2 SYSTEMPATH\View\View.php(226): include('C:\\laragon\\www\\Colegio_de_PuertoGalera\\app\\Views\\admin\\faculty_list.php')
 3 SYSTEMPATH\View\View.php(229): CodeIgniter\View\View->CodeIgniter\View\{closure}()
 4 SYSTEMPATH\Common.php(1188): CodeIgniter\View\View->render('admin/faculty_list', [], true)
 5 APPPATH\Controllers\FacultyController.php(20): view('admin/faculty_list', [...])
 6 SYSTEMPATH\CodeIgniter.php(919): App\Controllers\FacultyController->index()
 7 SYSTEMPATH\CodeIgniter.php(494): CodeIgniter\CodeIgniter->runController(Object(App\Controllers\FacultyController))
 8 SYSTEMPATH\CodeIgniter.php(353): CodeIgniter\CodeIgniter->handleRequest(null, Object(Config\Cache), false)
 9 FCPATH\index.php(79): CodeIgniter\CodeIgniter->run()
10 SYSTEMPATH\Commands\Server\rewrite.php(47): require_once('C:\\laragon\\www\\Colegio_de_PuertoGalera\\public\\index.php')
CRITICAL - 2024-05-04 14:17:25 --> Undefined array key "gender"
in APPPATH\Views\admin\faculty_list.php on line 33.
 1 APPPATH\Views\admin\faculty_list.php(33): CodeIgniter\Debug\Exceptions->errorHandler(2, 'Undefined array key "gender"', 'C:\\laragon\\www\\Colegio_de_PuertoGalera\\app\\Views\\admin\\faculty_list.php', 33)
 2 SYSTEMPATH\View\View.php(226): include('C:\\laragon\\www\\Colegio_de_PuertoGalera\\app\\Views\\admin\\faculty_list.php')
 3 SYSTEMPATH\View\View.php(229): CodeIgniter\View\View->CodeIgniter\View\{closure}()
 4 SYSTEMPATH\Common.php(1188): CodeIgniter\View\View->render('admin/faculty_list', [], true)
 5 APPPATH\Controllers\FacultyController.php(20): view('admin/faculty_list', [...])
 6 SYSTEMPATH\CodeIgniter.php(919): App\Controllers\FacultyController->index()
 7 SYSTEMPATH\CodeIgniter.php(494): CodeIgniter\CodeIgniter->runController(Object(App\Controllers\FacultyController))
 8 SYSTEMPATH\CodeIgniter.php(353): CodeIgniter\CodeIgniter->handleRequest(null, Object(Config\Cache), false)
 9 FCPATH\index.php(79): CodeIgniter\CodeIgniter->run()
10 SYSTEMPATH\Commands\Server\rewrite.php(47): require_once('C:\\laragon\\www\\Colegio_de_PuertoGalera\\public\\index.php')
CRITICAL - 2024-05-04 14:17:26 --> Undefined array key "gender"
in APPPATH\Views\admin\faculty_list.php on line 33.
 1 APPPATH\Views\admin\faculty_list.php(33): CodeIgniter\Debug\Exceptions->errorHandler(2, 'Undefined array key "gender"', 'C:\\laragon\\www\\Colegio_de_PuertoGalera\\app\\Views\\admin\\faculty_list.php', 33)
 2 SYSTEMPATH\View\View.php(226): include('C:\\laragon\\www\\Colegio_de_PuertoGalera\\app\\Views\\admin\\faculty_list.php')
 3 SYSTEMPATH\View\View.php(229): CodeIgniter\View\View->CodeIgniter\View\{closure}()
 4 SYSTEMPATH\Common.php(1188): CodeIgniter\View\View->render('admin/faculty_list', [], true)
 5 APPPATH\Controllers\FacultyController.php(20): view('admin/faculty_list', [...])
 6 SYSTEMPATH\CodeIgniter.php(919): App\Controllers\FacultyController->index()
 7 SYSTEMPATH\CodeIgniter.php(494): CodeIgniter\CodeIgniter->runController(Object(App\Controllers\FacultyController))
 8 SYSTEMPATH\CodeIgniter.php(353): CodeIgniter\CodeIgniter->handleRequest(null, Object(Config\Cache), false)
 9 FCPATH\index.php(79): CodeIgniter\CodeIgniter->run()
10 SYSTEMPATH\Commands\Server\rewrite.php(47): require_once('C:\\laragon\\www\\Colegio_de_PuertoGalera\\public\\index.php')
CRITICAL - 2024-05-04 14:18:31 --> Undefined array key "name"
in APPPATH\Views\admin\faculty_edit.php on line 14.
 1 APPPATH\Views\admin\faculty_edit.php(14): CodeIgniter\Debug\Exceptions->errorHandler(2, 'Undefined array key "name"', 'C:\\laragon\\www\\Colegio_de_PuertoGalera\\app\\Views\\admin\\faculty_edit.php', 14)
 2 SYSTEMPATH\View\View.php(226): include('C:\\laragon\\www\\Colegio_de_PuertoGalera\\app\\Views\\admin\\faculty_edit.php')
 3 SYSTEMPATH\View\View.php(229): CodeIgniter\View\View->CodeIgniter\View\{closure}()
 4 SYSTEMPATH\Common.php(1188): CodeIgniter\View\View->render('admin/faculty_edit', [], true)
 5 APPPATH\Controllers\FacultyController.php(45): view('admin/faculty_edit', [...])
 6 SYSTEMPATH\CodeIgniter.php(919): App\Controllers\FacultyController->edit('1')
 7 SYSTEMPATH\CodeIgniter.php(494): CodeIgniter\CodeIgniter->runController(Object(App\Controllers\FacultyController))
 8 SYSTEMPATH\CodeIgniter.php(353): CodeIgniter\CodeIgniter->handleRequest(null, Object(Config\Cache), false)
 9 FCPATH\index.php(79): CodeIgniter\CodeIgniter->run()
10 SYSTEMPATH\Commands\Server\rewrite.php(47): require_once('C:\\laragon\\www\\Colegio_de_PuertoGalera\\public\\index.php')
CRITICAL - 2024-05-04 16:47:53 --> Undefined variable $month_year
in APPPATH\Views\schedule\index.php on line 28.
 1 APPPATH\Views\schedule\index.php(28): CodeIgniter\Debug\Exceptions->errorHandler(2, 'Undefined variable $month_year', 'C:\\laragon\\www\\Colegio_de_PuertoGalera\\app\\Views\\schedule\\index.php', 28)
 2 SYSTEMPATH\View\View.php(226): include('C:\\laragon\\www\\Colegio_de_PuertoGalera\\app\\Views\\schedule\\index.php')
 3 SYSTEMPATH\View\View.php(229): CodeIgniter\View\View->CodeIgniter\View\{closure}()
 4 SYSTEMPATH\Common.php(1188): CodeIgniter\View\View->render('schedule/index', [], true)
 5 APPPATH\Controllers\ScheduleController.php(15): view('schedule/index', [...])
 6 SYSTEMPATH\CodeIgniter.php(919): App\Controllers\ScheduleController->index()
 7 SYSTEMPATH\CodeIgniter.php(494): CodeIgniter\CodeIgniter->runController(Object(App\Controllers\ScheduleController))
 8 SYSTEMPATH\CodeIgniter.php(353): CodeIgniter\CodeIgniter->handleRequest(null, Object(Config\Cache), false)
 9 FCPATH\index.php(79): CodeIgniter\CodeIgniter->run()
10 SYSTEMPATH\Commands\Server\rewrite.php(47): require_once('C:\\laragon\\www\\Colegio_de_PuertoGalera\\public\\index.php')
CRITICAL - 2024-05-04 16:47:57 --> Undefined variable $month_year
in APPPATH\Views\schedule\index.php on line 28.
 1 APPPATH\Views\schedule\index.php(28): CodeIgniter\Debug\Exceptions->errorHandler(2, 'Undefined variable $month_year', 'C:\\laragon\\www\\Colegio_de_PuertoGalera\\app\\Views\\schedule\\index.php', 28)
 2 SYSTEMPATH\View\View.php(226): include('C:\\laragon\\www\\Colegio_de_PuertoGalera\\app\\Views\\schedule\\index.php')
 3 SYSTEMPATH\View\View.php(229): CodeIgniter\View\View->CodeIgniter\View\{closure}()
 4 SYSTEMPATH\Common.php(1188): CodeIgniter\View\View->render('schedule/index', [], true)
 5 APPPATH\Controllers\ScheduleController.php(15): view('schedule/index', [...])
 6 SYSTEMPATH\CodeIgniter.php(919): App\Controllers\ScheduleController->index()
 7 SYSTEMPATH\CodeIgniter.php(494): CodeIgniter\CodeIgniter->runController(Object(App\Controllers\ScheduleController))
 8 SYSTEMPATH\CodeIgniter.php(353): CodeIgniter\CodeIgniter->handleRequest(null, Object(Config\Cache), false)
 9 FCPATH\index.php(79): CodeIgniter\CodeIgniter->run()
10 SYSTEMPATH\Commands\Server\rewrite.php(47): require_once('C:\\laragon\\www\\Colegio_de_PuertoGalera\\public\\index.php')
