CRITICAL - 2024-04-15 02:14:50 --> Undefined variable $passingScore
in APPPATH\Views\admin\examinationdata.php on line 72.
 1 APPPATH\Views\admin\examinationdata.php(72): CodeIgniter\Debug\Exceptions->errorHandler(2, 'Undefined variable $passingScore', 'C:\\laragon\\www\\Colegio_de_PuertoGalera\\app\\Views\\admin\\examinationdata.php', 72)
 2 SYSTEMPATH\View\View.php(226): include('C:\\laragon\\www\\Colegio_de_PuertoGalera\\app\\Views\\admin\\examinationdata.php')
 3 SYSTEMPATH\View\View.php(229): CodeIgniter\View\View->CodeIgniter\View\{closure}()
 4 SYSTEMPATH\Common.php(1188): CodeIgniter\View\View->render('admin/examinationdata', [], true)
 5 APPPATH\Controllers\ExamController.php(19): view('admin/examinationdata', [...])
 6 SYSTEMPATH\CodeIgniter.php(919): App\Controllers\ExamController->getExamData()
 7 SYSTEMPATH\CodeIgniter.php(494): CodeIgniter\CodeIgniter->runController(Object(App\Controllers\ExamController))
 8 SYSTEMPATH\CodeIgniter.php(353): CodeIgniter\CodeIgniter->handleRequest(null, Object(Config\Cache), false)
 9 FCPATH\index.php(79): CodeIgniter\CodeIgniter->run()
10 SYSTEMPATH\Commands\Server\rewrite.php(47): require_once('C:\\laragon\\www\\Colegio_de_PuertoGalera\\public\\index.php')
CRITICAL - 2024-04-15 02:56:32 --> Undefined variable $events
in APPPATH\Views\include\events.php on line 12.
 1 APPPATH\Views\include\events.php(12): CodeIgniter\Debug\Exceptions->errorHandler(2, 'Undefined variable $events', 'C:\\laragon\\www\\Colegio_de_PuertoGalera\\app\\Views\\include\\events.php', 12)
 2 SYSTEMPATH\View\View.php(226): include('C:\\laragon\\www\\Colegio_de_PuertoGalera\\app\\Views\\include\\events.php')
 3 SYSTEMPATH\View\View.php(229): CodeIgniter\View\View->CodeIgniter\View\{closure}()
 4 SYSTEMPATH\View\View.php(467): CodeIgniter\View\View->render('include/events', null, true)
 5 APPPATH\Views\userpage\index.php(80): CodeIgniter\View\View->include('include/events')
 6 SYSTEMPATH\View\View.php(226): include('C:\\laragon\\www\\Colegio_de_PuertoGalera\\app\\Views\\userpage\\index.php')
 7 SYSTEMPATH\View\View.php(229): CodeIgniter\View\View->CodeIgniter\View\{closure}()
 8 SYSTEMPATH\Common.php(1188): CodeIgniter\View\View->render('userpage/index', [], true)
 9 APPPATH\Controllers\Home.php(15): view('userpage/index', [...])
10 SYSTEMPATH\CodeIgniter.php(919): App\Controllers\Home->index()
11 SYSTEMPATH\CodeIgniter.php(494): CodeIgniter\CodeIgniter->runController(Object(App\Controllers\Home))
12 SYSTEMPATH\CodeIgniter.php(353): CodeIgniter\CodeIgniter->handleRequest(null, Object(Config\Cache), false)
13 FCPATH\index.php(79): CodeIgniter\CodeIgniter->run()
14 SYSTEMPATH\Commands\Server\rewrite.php(47): require_once('C:\\laragon\\www\\Colegio_de_PuertoGalera\\public\\index.php')
CRITICAL - 2024-04-15 02:56:35 --> Undefined variable $events
in APPPATH\Views\include\events.php on line 12.
 1 APPPATH\Views\include\events.php(12): CodeIgniter\Debug\Exceptions->errorHandler(2, 'Undefined variable $events', 'C:\\laragon\\www\\Colegio_de_PuertoGalera\\app\\Views\\include\\events.php', 12)
 2 SYSTEMPATH\View\View.php(226): include('C:\\laragon\\www\\Colegio_de_PuertoGalera\\app\\Views\\include\\events.php')
 3 SYSTEMPATH\View\View.php(229): CodeIgniter\View\View->CodeIgniter\View\{closure}()
 4 SYSTEMPATH\View\View.php(467): CodeIgniter\View\View->render('include/events', null, true)
 5 APPPATH\Views\userpage\index.php(80): CodeIgniter\View\View->include('include/events')
 6 SYSTEMPATH\View\View.php(226): include('C:\\laragon\\www\\Colegio_de_PuertoGalera\\app\\Views\\userpage\\index.php')
 7 SYSTEMPATH\View\View.php(229): CodeIgniter\View\View->CodeIgniter\View\{closure}()
 8 SYSTEMPATH\Common.php(1188): CodeIgniter\View\View->render('userpage/index', [], true)
 9 APPPATH\Controllers\Home.php(15): view('userpage/index', [...])
10 SYSTEMPATH\CodeIgniter.php(919): App\Controllers\Home->index()
11 SYSTEMPATH\CodeIgniter.php(494): CodeIgniter\CodeIgniter->runController(Object(App\Controllers\Home))
12 SYSTEMPATH\CodeIgniter.php(353): CodeIgniter\CodeIgniter->handleRequest(null, Object(Config\Cache), false)
13 FCPATH\index.php(79): CodeIgniter\CodeIgniter->run()
14 SYSTEMPATH\Commands\Server\rewrite.php(47): require_once('C:\\laragon\\www\\Colegio_de_PuertoGalera\\public\\index.php')
CRITICAL - 2024-04-15 03:22:23 --> Class "App\Model\EventsModel" not found
in APPPATH\Controllers\EventController.php on line 26.
 1 SYSTEMPATH\CodeIgniter.php(919): App\Controllers\EventController->store()
 2 SYSTEMPATH\CodeIgniter.php(494): CodeIgniter\CodeIgniter->runController(Object(App\Controllers\EventController))
 3 SYSTEMPATH\CodeIgniter.php(353): CodeIgniter\CodeIgniter->handleRequest(null, Object(Config\Cache), false)
 4 FCPATH\index.php(79): CodeIgniter\CodeIgniter->run()
 5 SYSTEMPATH\Commands\Server\rewrite.php(47): require_once('C:\\laragon\\www\\Colegio_de_PuertoGalera\\public\\index.php')
CRITICAL - 2024-04-15 03:23:43 --> Undefined array key "event_time"
in APPPATH\Views\include\events.php on line 22.
 1 APPPATH\Views\include\events.php(22): CodeIgniter\Debug\Exceptions->errorHandler(2, 'Undefined array key "event_time"', 'C:\\laragon\\www\\Colegio_de_PuertoGalera\\app\\Views\\include\\events.php', 22)
 2 SYSTEMPATH\View\View.php(226): include('C:\\laragon\\www\\Colegio_de_PuertoGalera\\app\\Views\\include\\events.php')
 3 SYSTEMPATH\View\View.php(229): CodeIgniter\View\View->CodeIgniter\View\{closure}()
 4 SYSTEMPATH\View\View.php(467): CodeIgniter\View\View->render('include/events', null, true)
 5 APPPATH\Views\userpage\index.php(80): CodeIgniter\View\View->include('include/events')
 6 SYSTEMPATH\View\View.php(226): include('C:\\laragon\\www\\Colegio_de_PuertoGalera\\app\\Views\\userpage\\index.php')
 7 SYSTEMPATH\View\View.php(229): CodeIgniter\View\View->CodeIgniter\View\{closure}()
 8 SYSTEMPATH\Common.php(1188): CodeIgniter\View\View->render('userpage/index', [], true)
 9 APPPATH\Controllers\Home.php(18): view('userpage/index', [...])
10 SYSTEMPATH\CodeIgniter.php(919): App\Controllers\Home->index()
11 SYSTEMPATH\CodeIgniter.php(494): CodeIgniter\CodeIgniter->runController(Object(App\Controllers\Home))
12 SYSTEMPATH\CodeIgniter.php(353): CodeIgniter\CodeIgniter->handleRequest(null, Object(Config\Cache), false)
13 FCPATH\index.php(79): CodeIgniter\CodeIgniter->run()
14 SYSTEMPATH\Commands\Server\rewrite.php(47): require_once('C:\\laragon\\www\\Colegio_de_PuertoGalera\\public\\index.php')
CRITICAL - 2024-04-15 03:55:43 --> Undefined variable $events
in APPPATH\Views\admin\allevents.php on line 36.
 1 APPPATH\Views\admin\allevents.php(36): CodeIgniter\Debug\Exceptions->errorHandler(2, 'Undefined variable $events', 'C:\\laragon\\www\\Colegio_de_PuertoGalera\\app\\Views\\admin\\allevents.php', 36)
 2 SYSTEMPATH\View\View.php(226): include('C:\\laragon\\www\\Colegio_de_PuertoGalera\\app\\Views\\admin\\allevents.php')
 3 SYSTEMPATH\View\View.php(229): CodeIgniter\View\View->CodeIgniter\View\{closure}()
 4 SYSTEMPATH\Common.php(1188): CodeIgniter\View\View->render('admin/allevents', [], true)
 5 APPPATH\Controllers\EventController.php(52): view('admin/allevents', [...])
 6 SYSTEMPATH\CodeIgniter.php(919): App\Controllers\EventController->allevents()
 7 SYSTEMPATH\CodeIgniter.php(494): CodeIgniter\CodeIgniter->runController(Object(App\Controllers\EventController))
 8 SYSTEMPATH\CodeIgniter.php(353): CodeIgniter\CodeIgniter->handleRequest(null, Object(Config\Cache), false)
 9 FCPATH\index.php(79): CodeIgniter\CodeIgniter->run()
10 SYSTEMPATH\Commands\Server\rewrite.php(47): require_once('C:\\laragon\\www\\Colegio_de_PuertoGalera\\public\\index.php')
CRITICAL - 2024-04-15 04:00:54 --> Call to undefined method App\Controllers\EventController::getAllEvents()
in APPPATH\Controllers\EventController.php on line 47.
 1 SYSTEMPATH\CodeIgniter.php(919): App\Controllers\EventController->allevents()
 2 SYSTEMPATH\CodeIgniter.php(494): CodeIgniter\CodeIgniter->runController(Object(App\Controllers\EventController))
 3 SYSTEMPATH\CodeIgniter.php(353): CodeIgniter\CodeIgniter->handleRequest(null, Object(Config\Cache), false)
 4 FCPATH\index.php(79): CodeIgniter\CodeIgniter->run()
 5 SYSTEMPATH\Commands\Server\rewrite.php(47): require_once('C:\\laragon\\www\\Colegio_de_PuertoGalera\\public\\index.php')
ERROR - 2024-04-15 10:23:59 --> mysqli_sql_exception: Table 'colegiodb.events' doesn't exist in C:\laragon\www\Colegio_de_PuertoGalera\system\Database\MySQLi\Connection.php:306
Stack trace:
#0 C:\laragon\www\Colegio_de_PuertoGalera\system\Database\MySQLi\Connection.php(306): mysqli->query('SELECT *\nFROM `...', 0)
#1 C:\laragon\www\Colegio_de_PuertoGalera\system\Database\BaseConnection.php(692): CodeIgniter\Database\MySQLi\Connection->execute('SELECT *\nFROM `...')
#2 C:\laragon\www\Colegio_de_PuertoGalera\system\Database\BaseConnection.php(606): CodeIgniter\Database\BaseConnection->simpleQuery('SELECT *\nFROM `...')
#3 C:\laragon\www\Colegio_de_PuertoGalera\system\Database\BaseBuilder.php(1615): CodeIgniter\Database\BaseConnection->query('SELECT *\nFROM `...', Array, false)
#4 C:\laragon\www\Colegio_de_PuertoGalera\system\Model.php(237): CodeIgniter\Database\BaseBuilder->get()
#5 C:\laragon\www\Colegio_de_PuertoGalera\system\BaseModel.php(624): CodeIgniter\Model->doFindAll(4, 0)
#6 C:\laragon\www\Colegio_de_PuertoGalera\app\Controllers\Home.php(18): CodeIgniter\BaseModel->findAll(4)
#7 C:\laragon\www\Colegio_de_PuertoGalera\system\CodeIgniter.php(919): App\Controllers\Home->index()
#8 C:\laragon\www\Colegio_de_PuertoGalera\system\CodeIgniter.php(494): CodeIgniter\CodeIgniter->runController(Object(App\Controllers\Home))
#9 C:\laragon\www\Colegio_de_PuertoGalera\system\CodeIgniter.php(353): CodeIgniter\CodeIgniter->handleRequest(NULL, Object(Config\Cache), false)
#10 C:\laragon\www\Colegio_de_PuertoGalera\public\index.php(79): CodeIgniter\CodeIgniter->run()
#11 C:\laragon\www\Colegio_de_PuertoGalera\system\Commands\Server\rewrite.php(47): require_once('C:\\laragon\\www\\...')
#12 {main}
CRITICAL - 2024-04-15 10:23:59 --> Table 'colegiodb.events' doesn't exist
in SYSTEMPATH\Database\BaseConnection.php on line 646.
 1 SYSTEMPATH\Database\BaseBuilder.php(1615): CodeIgniter\Database\BaseConnection->query('SELECT *
FROM `events`
WHERE `event_date` >= :event_date:
ORDER BY `event_date` ASC
 LIMIT 4', [...], false)
 2 SYSTEMPATH\Model.php(237): CodeIgniter\Database\BaseBuilder->get()
 3 SYSTEMPATH\BaseModel.php(624): CodeIgniter\Model->doFindAll(4, 0)
 4 APPPATH\Controllers\Home.php(18): CodeIgniter\BaseModel->findAll(4)
 5 SYSTEMPATH\CodeIgniter.php(919): App\Controllers\Home->index()
 6 SYSTEMPATH\CodeIgniter.php(494): CodeIgniter\CodeIgniter->runController(Object(App\Controllers\Home))
 7 SYSTEMPATH\CodeIgniter.php(353): CodeIgniter\CodeIgniter->handleRequest(null, Object(Config\Cache), false)
 8 FCPATH\index.php(79): CodeIgniter\CodeIgniter->run()
 9 SYSTEMPATH\Commands\Server\rewrite.php(47): require_once('C:\\laragon\\www\\Colegio_de_PuertoGalera\\public\\index.php')
CRITICAL - 2024-04-15 12:06:36 --> require_once(ContactController.php): Failed to open stream: No such file or directory
in APPPATH\Views\userpage\contact.php on line 2.
 1 APPPATH\Views\userpage\contact.php(2): CodeIgniter\Debug\Exceptions->errorHandler(2, 'require_once(ContactController.php): Failed to open stream: No such file or directory', 'C:\\laragon\\www\\Colegio_de_PuertoGalera\\app\\Views\\userpage\\contact.php', 2)
 2 APPPATH\Views\userpage\contact.php(2): require_once()
 3 SYSTEMPATH\View\View.php(226): include('C:\\laragon\\www\\Colegio_de_PuertoGalera\\app\\Views\\userpage\\contact.php')
 4 SYSTEMPATH\View\View.php(229): CodeIgniter\View\View->CodeIgniter\View\{closure}()
 5 SYSTEMPATH\Common.php(1188): CodeIgniter\View\View->render('userpage/contact', [], true)
 6 APPPATH\Controllers\Home.php(59): view('userpage/contact')
 7 SYSTEMPATH\CodeIgniter.php(919): App\Controllers\Home->contact()
 8 SYSTEMPATH\CodeIgniter.php(494): CodeIgniter\CodeIgniter->runController(Object(App\Controllers\Home))
 9 SYSTEMPATH\CodeIgniter.php(353): CodeIgniter\CodeIgniter->handleRequest(null, Object(Config\Cache), false)
10 FCPATH\index.php(79): CodeIgniter\CodeIgniter->run()
11 SYSTEMPATH\Commands\Server\rewrite.php(47): require_once('C:\\laragon\\www\\Colegio_de_PuertoGalera\\public\\index.php')
CRITICAL - 2024-04-15 12:08:27 --> require_once(Controllers/ContactController.php): Failed to open stream: No such file or directory
in APPPATH\Views\userpage\contact.php on line 2.
 1 APPPATH\Views\userpage\contact.php(2): CodeIgniter\Debug\Exceptions->errorHandler(2, 'require_once(Controllers/ContactController.php): Failed to open stream: No such file or directory', 'C:\\laragon\\www\\Colegio_de_PuertoGalera\\app\\Views\\userpage\\contact.php', 2)
 2 APPPATH\Views\userpage\contact.php(2): require_once()
 3 SYSTEMPATH\View\View.php(226): include('C:\\laragon\\www\\Colegio_de_PuertoGalera\\app\\Views\\userpage\\contact.php')
 4 SYSTEMPATH\View\View.php(229): CodeIgniter\View\View->CodeIgniter\View\{closure}()
 5 SYSTEMPATH\Common.php(1188): CodeIgniter\View\View->render('userpage/contact', [], true)
 6 APPPATH\Controllers\Home.php(59): view('userpage/contact')
 7 SYSTEMPATH\CodeIgniter.php(919): App\Controllers\Home->contact()
 8 SYSTEMPATH\CodeIgniter.php(494): CodeIgniter\CodeIgniter->runController(Object(App\Controllers\Home))
 9 SYSTEMPATH\CodeIgniter.php(353): CodeIgniter\CodeIgniter->handleRequest(null, Object(Config\Cache), false)
10 FCPATH\index.php(79): CodeIgniter\CodeIgniter->run()
11 SYSTEMPATH\Commands\Server\rewrite.php(47): require_once('C:\\laragon\\www\\Colegio_de_PuertoGalera\\public\\index.php')
CRITICAL - 2024-04-15 12:08:29 --> require_once(Controllers/ContactController.php): Failed to open stream: No such file or directory
in APPPATH\Views\userpage\contact.php on line 2.
 1 APPPATH\Views\userpage\contact.php(2): CodeIgniter\Debug\Exceptions->errorHandler(2, 'require_once(Controllers/ContactController.php): Failed to open stream: No such file or directory', 'C:\\laragon\\www\\Colegio_de_PuertoGalera\\app\\Views\\userpage\\contact.php', 2)
 2 APPPATH\Views\userpage\contact.php(2): require_once()
 3 SYSTEMPATH\View\View.php(226): include('C:\\laragon\\www\\Colegio_de_PuertoGalera\\app\\Views\\userpage\\contact.php')
 4 SYSTEMPATH\View\View.php(229): CodeIgniter\View\View->CodeIgniter\View\{closure}()
 5 SYSTEMPATH\Common.php(1188): CodeIgniter\View\View->render('userpage/contact', [], true)
 6 APPPATH\Controllers\Home.php(59): view('userpage/contact')
 7 SYSTEMPATH\CodeIgniter.php(919): App\Controllers\Home->contact()
 8 SYSTEMPATH\CodeIgniter.php(494): CodeIgniter\CodeIgniter->runController(Object(App\Controllers\Home))
 9 SYSTEMPATH\CodeIgniter.php(353): CodeIgniter\CodeIgniter->handleRequest(null, Object(Config\Cache), false)
10 FCPATH\index.php(79): CodeIgniter\CodeIgniter->run()
11 SYSTEMPATH\Commands\Server\rewrite.php(47): require_once('C:\\laragon\\www\\Colegio_de_PuertoGalera\\public\\index.php')
CRITICAL - 2024-04-15 12:08:30 --> require_once(Controllers/ContactController.php): Failed to open stream: No such file or directory
in APPPATH\Views\userpage\contact.php on line 2.
 1 APPPATH\Views\userpage\contact.php(2): CodeIgniter\Debug\Exceptions->errorHandler(2, 'require_once(Controllers/ContactController.php): Failed to open stream: No such file or directory', 'C:\\laragon\\www\\Colegio_de_PuertoGalera\\app\\Views\\userpage\\contact.php', 2)
 2 APPPATH\Views\userpage\contact.php(2): require_once()
 3 SYSTEMPATH\View\View.php(226): include('C:\\laragon\\www\\Colegio_de_PuertoGalera\\app\\Views\\userpage\\contact.php')
 4 SYSTEMPATH\View\View.php(229): CodeIgniter\View\View->CodeIgniter\View\{closure}()
 5 SYSTEMPATH\Common.php(1188): CodeIgniter\View\View->render('userpage/contact', [], true)
 6 APPPATH\Controllers\Home.php(59): view('userpage/contact')
 7 SYSTEMPATH\CodeIgniter.php(919): App\Controllers\Home->contact()
 8 SYSTEMPATH\CodeIgniter.php(494): CodeIgniter\CodeIgniter->runController(Object(App\Controllers\Home))
 9 SYSTEMPATH\CodeIgniter.php(353): CodeIgniter\CodeIgniter->handleRequest(null, Object(Config\Cache), false)
10 FCPATH\index.php(79): CodeIgniter\CodeIgniter->run()
11 SYSTEMPATH\Commands\Server\rewrite.php(47): require_once('C:\\laragon\\www\\Colegio_de_PuertoGalera\\public\\index.php')
CRITICAL - 2024-04-15 12:27:40 --> Class "BaseController" not found
in APPPATH\Controllers\ContactController.php on line 7.
 1 SYSTEMPATH\Autoloader\Autoloader.php(306): include_once()
 2 SYSTEMPATH\Autoloader\Autoloader.php(285): CodeIgniter\Autoloader\Autoloader->includeFile('C:\\laragon\\www\\Colegio_de_PuertoGalera\\app\\Controllers\\ContactController.php')
 3 SYSTEMPATH\Autoloader\Autoloader.php(263): CodeIgniter\Autoloader\Autoloader->loadInNamespace('App\\Controllers\\ContactController')
 4 [internal function]: CodeIgniter\Autoloader\Autoloader->loadClass('App\\Controllers\\ContactController')
 5 SYSTEMPATH\CodeIgniter.php(877): class_exists('\\App\\Controllers\\ContactController', true)
 6 SYSTEMPATH\CodeIgniter.php(481): CodeIgniter\CodeIgniter->startController()
 7 SYSTEMPATH\CodeIgniter.php(353): CodeIgniter\CodeIgniter->handleRequest(null, Object(Config\Cache), false)
 8 FCPATH\index.php(79): CodeIgniter\CodeIgniter->run()
 9 SYSTEMPATH\Commands\Server\rewrite.php(47): require_once('C:\\laragon\\www\\Colegio_de_PuertoGalera\\public\\index.php')
CRITICAL - 2024-04-15 12:49:13 --> Maximum execution time of 60 seconds exceeded
in VENDORPATH\phpmailer\phpmailer\src\SMTP.php on line 1269.
 1 [internal function]: CodeIgniter\Debug\Exceptions->shutdownHandler()
CRITICAL - 2024-04-15 12:58:06 --> Too few arguments to function App\Controllers\ContactController::sendEmail(), 0 passed in C:\laragon\www\Colegio_de_PuertoGalera\system\CodeIgniter.php on line 919 and exactly 1 expected
in APPPATH\Controllers\ContactController.php on line 18.
 1 SYSTEMPATH\CodeIgniter.php(919): App\Controllers\ContactController->sendEmail()
 2 SYSTEMPATH\CodeIgniter.php(494): CodeIgniter\CodeIgniter->runController(Object(App\Controllers\ContactController))
 3 SYSTEMPATH\CodeIgniter.php(353): CodeIgniter\CodeIgniter->handleRequest(null, Object(Config\Cache), false)
 4 FCPATH\index.php(79): CodeIgniter\CodeIgniter->run()
 5 SYSTEMPATH\Commands\Server\rewrite.php(47): require_once('C:\\laragon\\www\\Colegio_de_PuertoGalera\\public\\index.php')
CRITICAL - 2024-04-15 13:00:45 --> Too few arguments to function App\Controllers\ContactController::sendEmail(), 0 passed in C:\laragon\www\Colegio_de_PuertoGalera\system\CodeIgniter.php on line 919 and exactly 1 expected
in APPPATH\Controllers\ContactController.php on line 18.
 1 SYSTEMPATH\CodeIgniter.php(919): App\Controllers\ContactController->sendEmail()
 2 SYSTEMPATH\CodeIgniter.php(494): CodeIgniter\CodeIgniter->runController(Object(App\Controllers\ContactController))
 3 SYSTEMPATH\CodeIgniter.php(353): CodeIgniter\CodeIgniter->handleRequest(null, Object(Config\Cache), false)
 4 FCPATH\index.php(79): CodeIgniter\CodeIgniter->run()
 5 SYSTEMPATH\Commands\Server\rewrite.php(47): require_once('C:\\laragon\\www\\Colegio_de_PuertoGalera\\public\\index.php')
CRITICAL - 2024-04-15 13:24:47 --> Undefined variable $contacts
in APPPATH\Views\userpage\contact.php on line 180.
 1 APPPATH\Views\userpage\contact.php(180): CodeIgniter\Debug\Exceptions->errorHandler(2, 'Undefined variable $contacts', 'C:\\laragon\\www\\Colegio_de_PuertoGalera\\app\\Views\\userpage\\contact.php', 180)
 2 SYSTEMPATH\View\View.php(226): include('C:\\laragon\\www\\Colegio_de_PuertoGalera\\app\\Views\\userpage\\contact.php')
 3 SYSTEMPATH\View\View.php(229): CodeIgniter\View\View->CodeIgniter\View\{closure}()
 4 SYSTEMPATH\Common.php(1188): CodeIgniter\View\View->render('userpage/contact', [], true)
 5 APPPATH\Controllers\Home.php(59): view('userpage/contact')
 6 SYSTEMPATH\CodeIgniter.php(919): App\Controllers\Home->contact()
 7 SYSTEMPATH\CodeIgniter.php(494): CodeIgniter\CodeIgniter->runController(Object(App\Controllers\Home))
 8 SYSTEMPATH\CodeIgniter.php(353): CodeIgniter\CodeIgniter->handleRequest(null, Object(Config\Cache), false)
 9 FCPATH\index.php(79): CodeIgniter\CodeIgniter->run()
10 SYSTEMPATH\Commands\Server\rewrite.php(47): require_once('C:\\laragon\\www\\Colegio_de_PuertoGalera\\public\\index.php')
