ERROR - 2024-04-14 12:45:59 --> mysqli_sql_exception: Unknown column 'is_admin' in 'field list' in C:\laragon\www\Colegio_de_PuertoGalera\system\Database\MySQLi\Connection.php:306
Stack trace:
#0 C:\laragon\www\Colegio_de_PuertoGalera\system\Database\MySQLi\Connection.php(306): mysqli->query('INSERT INTO `us...', 0)
#1 C:\laragon\www\Colegio_de_PuertoGalera\system\Database\BaseConnection.php(692): CodeIgniter\Database\MySQLi\Connection->execute('INSERT INTO `us...')
#2 C:\laragon\www\Colegio_de_PuertoGalera\system\Database\BaseConnection.php(606): CodeIgniter\Database\BaseConnection->simpleQuery('INSERT INTO `us...')
#3 C:\laragon\www\Colegio_de_PuertoGalera\system\Database\BaseBuilder.php(2308): CodeIgniter\Database\BaseConnection->query('INSERT INTO `us...', Array, false)
#4 C:\laragon\www\Colegio_de_PuertoGalera\system\Model.php(319): CodeIgniter\Database\BaseBuilder->insert()
#5 C:\laragon\www\Colegio_de_PuertoGalera\system\BaseModel.php(788): CodeIgniter\Model->doInsert(Array)
#6 C:\laragon\www\Colegio_de_PuertoGalera\system\Model.php(715): CodeIgniter\BaseModel->insert(Array, true)
#7 C:\laragon\www\Colegio_de_PuertoGalera\app\Controllers\SignupController.php(59): CodeIgniter\Model->insert(Array)
#8 C:\laragon\www\Colegio_de_PuertoGalera\system\CodeIgniter.php(919): App\Controllers\SignupController->store()
#9 C:\laragon\www\Colegio_de_PuertoGalera\system\CodeIgniter.php(494): CodeIgniter\CodeIgniter->runController(Object(App\Controllers\SignupController))
#10 C:\laragon\www\Colegio_de_PuertoGalera\system\CodeIgniter.php(353): CodeIgniter\CodeIgniter->handleRequest(NULL, Object(Config\Cache), false)
#11 C:\laragon\www\Colegio_de_PuertoGalera\public\index.php(79): CodeIgniter\CodeIgniter->run()
#12 C:\laragon\www\Colegio_de_PuertoGalera\system\Commands\Server\rewrite.php(47): require_once('C:\\laragon\\www\\...')
#13 {main}
CRITICAL - 2024-04-14 12:45:59 --> Unknown column 'is_admin' in 'field list'
in SYSTEMPATH\Database\BaseConnection.php on line 646.
 1 SYSTEMPATH\Database\BaseBuilder.php(2308): CodeIgniter\Database\BaseConnection->query('INSERT INTO `users` (`name`, `email`, `password`, `verification_code`, `is_admin`) VALUES (:name:, :email:, :password:, :verification_code:, :is_admin:)', [...], false)
 2 SYSTEMPATH\Model.php(319): CodeIgniter\Database\BaseBuilder->insert()
 3 SYSTEMPATH\BaseModel.php(788): CodeIgniter\Model->doInsert([...])
 4 SYSTEMPATH\Model.php(715): CodeIgniter\BaseModel->insert([...], true)
 5 APPPATH\Controllers\SignupController.php(59): CodeIgniter\Model->insert([...])
 6 SYSTEMPATH\CodeIgniter.php(919): App\Controllers\SignupController->store()
 7 SYSTEMPATH\CodeIgniter.php(494): CodeIgniter\CodeIgniter->runController(Object(App\Controllers\SignupController))
 8 SYSTEMPATH\CodeIgniter.php(353): CodeIgniter\CodeIgniter->handleRequest(null, Object(Config\Cache), false)
 9 FCPATH\index.php(79): CodeIgniter\CodeIgniter->run()
10 SYSTEMPATH\Commands\Server\rewrite.php(47): require_once('C:\\laragon\\www\\Colegio_de_PuertoGalera\\public\\index.php')
ERROR - 2024-04-14 12:49:08 --> mysqli_sql_exception: Table 'colegiodb.admin_accounts' doesn't exist in C:\laragon\www\Colegio_de_PuertoGalera\system\Database\MySQLi\Connection.php:306
Stack trace:
#0 C:\laragon\www\Colegio_de_PuertoGalera\system\Database\MySQLi\Connection.php(306): mysqli->query('SELECT 1\nFROM `...', 0)
#1 C:\laragon\www\Colegio_de_PuertoGalera\system\Database\BaseConnection.php(692): CodeIgniter\Database\MySQLi\Connection->execute('SELECT 1\nFROM `...')
#2 C:\laragon\www\Colegio_de_PuertoGalera\system\Database\BaseConnection.php(606): CodeIgniter\Database\BaseConnection->simpleQuery('SELECT 1\nFROM `...')
#3 C:\laragon\www\Colegio_de_PuertoGalera\system\Database\BaseBuilder.php(1615): CodeIgniter\Database\BaseConnection->query('SELECT 1\nFROM `...', Array, false)
#4 C:\laragon\www\Colegio_de_PuertoGalera\system\Validation\StrictRules\Rules.php(206): CodeIgniter\Database\BaseBuilder->get()
#5 C:\laragon\www\Colegio_de_PuertoGalera\system\Validation\Validation.php(309): CodeIgniter\Validation\StrictRules\Rules->is_unique('degaleracolegio...', 'email', Array, NULL, 'email')
#6 C:\laragon\www\Colegio_de_PuertoGalera\system\Validation\Validation.php(195): CodeIgniter\Validation\Validation->processRules('email', 'email', 'degaleracolegio...', Array, Array)
#7 C:\laragon\www\Colegio_de_PuertoGalera\system\BaseModel.php(1495): CodeIgniter\Validation\Validation->run(Array, NULL, NULL)
#8 C:\laragon\www\Colegio_de_PuertoGalera\system\BaseModel.php(751): CodeIgniter\BaseModel->validate(Array)
#9 C:\laragon\www\Colegio_de_PuertoGalera\system\Model.php(715): CodeIgniter\BaseModel->insert(Array, true)
#10 C:\laragon\www\Colegio_de_PuertoGalera\app\Controllers\SignupController.php(70): CodeIgniter\Model->insert(Array)
#11 C:\laragon\www\Colegio_de_PuertoGalera\system\CodeIgniter.php(919): App\Controllers\SignupController->store()
#12 C:\laragon\www\Colegio_de_PuertoGalera\system\CodeIgniter.php(494): CodeIgniter\CodeIgniter->runController(Object(App\Controllers\SignupController))
#13 C:\laragon\www\Colegio_de_PuertoGalera\system\CodeIgniter.php(353): CodeIgniter\CodeIgniter->handleRequest(NULL, Object(Config\Cache), false)
#14 C:\laragon\www\Colegio_de_PuertoGalera\public\index.php(79): CodeIgniter\CodeIgniter->run()
#15 C:\laragon\www\Colegio_de_PuertoGalera\system\Commands\Server\rewrite.php(47): require_once('C:\\laragon\\www\\...')
#16 {main}
CRITICAL - 2024-04-14 12:49:08 --> Table 'colegiodb.admin_accounts' doesn't exist
in SYSTEMPATH\Database\BaseConnection.php on line 646.
 1 SYSTEMPATH\Database\BaseBuilder.php(1615): CodeIgniter\Database\BaseConnection->query('SELECT 1
FROM `admin_accounts`
WHERE `email` = :email:
 LIMIT 1', [...], false)
 2 SYSTEMPATH\Validation\StrictRules\Rules.php(206): CodeIgniter\Database\BaseBuilder->get()
 3 SYSTEMPATH\Validation\Validation.php(309): CodeIgniter\Validation\StrictRules\Rules->is_unique('degaleracolegio@gmail.com', 'email', [...], null, 'email')
 4 SYSTEMPATH\Validation\Validation.php(195): CodeIgniter\Validation\Validation->processRules('email', 'email', 'degaleracolegio@gmail.com', [...], [...])
 5 SYSTEMPATH\BaseModel.php(1495): CodeIgniter\Validation\Validation->run([...], null, null)
 6 SYSTEMPATH\BaseModel.php(751): CodeIgniter\BaseModel->validate([...])
 7 SYSTEMPATH\Model.php(715): CodeIgniter\BaseModel->insert([...], true)
 8 APPPATH\Controllers\SignupController.php(70): CodeIgniter\Model->insert([...])
 9 SYSTEMPATH\CodeIgniter.php(919): App\Controllers\SignupController->store()
10 SYSTEMPATH\CodeIgniter.php(494): CodeIgniter\CodeIgniter->runController(Object(App\Controllers\SignupController))
11 SYSTEMPATH\CodeIgniter.php(353): CodeIgniter\CodeIgniter->handleRequest(null, Object(Config\Cache), false)
12 FCPATH\index.php(79): CodeIgniter\CodeIgniter->run()
13 SYSTEMPATH\Commands\Server\rewrite.php(47): require_once('C:\\laragon\\www\\Colegio_de_PuertoGalera\\public\\index.php')
ERROR - 2024-04-14 12:55:59 --> mysqli_sql_exception: Table 'colegiodb.admin_accounts' doesn't exist in C:\laragon\www\Colegio_de_PuertoGalera\system\Database\MySQLi\Connection.php:306
Stack trace:
#0 C:\laragon\www\Colegio_de_PuertoGalera\system\Database\MySQLi\Connection.php(306): mysqli->query('SELECT 1\nFROM `...', 0)
#1 C:\laragon\www\Colegio_de_PuertoGalera\system\Database\BaseConnection.php(692): CodeIgniter\Database\MySQLi\Connection->execute('SELECT 1\nFROM `...')
#2 C:\laragon\www\Colegio_de_PuertoGalera\system\Database\BaseConnection.php(606): CodeIgniter\Database\BaseConnection->simpleQuery('SELECT 1\nFROM `...')
#3 C:\laragon\www\Colegio_de_PuertoGalera\system\Database\BaseBuilder.php(1615): CodeIgniter\Database\BaseConnection->query('SELECT 1\nFROM `...', Array, false)
#4 C:\laragon\www\Colegio_de_PuertoGalera\system\Validation\StrictRules\Rules.php(206): CodeIgniter\Database\BaseBuilder->get()
#5 C:\laragon\www\Colegio_de_PuertoGalera\system\Validation\Validation.php(309): CodeIgniter\Validation\StrictRules\Rules->is_unique('degaleracolegio...', 'email', Array, NULL, 'email')
#6 C:\laragon\www\Colegio_de_PuertoGalera\system\Validation\Validation.php(195): CodeIgniter\Validation\Validation->processRules('email', 'email', 'degaleracolegio...', Array, Array)
#7 C:\laragon\www\Colegio_de_PuertoGalera\system\BaseModel.php(1495): CodeIgniter\Validation\Validation->run(Array, NULL, NULL)
#8 C:\laragon\www\Colegio_de_PuertoGalera\system\BaseModel.php(751): CodeIgniter\BaseModel->validate(Array)
#9 C:\laragon\www\Colegio_de_PuertoGalera\system\Model.php(715): CodeIgniter\BaseModel->insert(Array, true)
#10 C:\laragon\www\Colegio_de_PuertoGalera\app\Controllers\SignupController.php(72): CodeIgniter\Model->insert(Array)
#11 C:\laragon\www\Colegio_de_PuertoGalera\system\CodeIgniter.php(919): App\Controllers\SignupController->store()
#12 C:\laragon\www\Colegio_de_PuertoGalera\system\CodeIgniter.php(494): CodeIgniter\CodeIgniter->runController(Object(App\Controllers\SignupController))
#13 C:\laragon\www\Colegio_de_PuertoGalera\system\CodeIgniter.php(353): CodeIgniter\CodeIgniter->handleRequest(NULL, Object(Config\Cache), false)
#14 C:\laragon\www\Colegio_de_PuertoGalera\public\index.php(79): CodeIgniter\CodeIgniter->run()
#15 C:\laragon\www\Colegio_de_PuertoGalera\system\Commands\Server\rewrite.php(47): require_once('C:\\laragon\\www\\...')
#16 {main}
CRITICAL - 2024-04-14 12:55:59 --> Table 'colegiodb.admin_accounts' doesn't exist
in SYSTEMPATH\Database\BaseConnection.php on line 646.
 1 SYSTEMPATH\Database\BaseBuilder.php(1615): CodeIgniter\Database\BaseConnection->query('SELECT 1
FROM `admin_accounts`
WHERE `email` = :email:
 LIMIT 1', [...], false)
 2 SYSTEMPATH\Validation\StrictRules\Rules.php(206): CodeIgniter\Database\BaseBuilder->get()
 3 SYSTEMPATH\Validation\Validation.php(309): CodeIgniter\Validation\StrictRules\Rules->is_unique('degaleracolegio@gmail.com', 'email', [...], null, 'email')
 4 SYSTEMPATH\Validation\Validation.php(195): CodeIgniter\Validation\Validation->processRules('email', 'email', 'degaleracolegio@gmail.com', [...], [...])
 5 SYSTEMPATH\BaseModel.php(1495): CodeIgniter\Validation\Validation->run([...], null, null)
 6 SYSTEMPATH\BaseModel.php(751): CodeIgniter\BaseModel->validate([...])
 7 SYSTEMPATH\Model.php(715): CodeIgniter\BaseModel->insert([...], true)
 8 APPPATH\Controllers\SignupController.php(72): CodeIgniter\Model->insert([...])
 9 SYSTEMPATH\CodeIgniter.php(919): App\Controllers\SignupController->store()
10 SYSTEMPATH\CodeIgniter.php(494): CodeIgniter\CodeIgniter->runController(Object(App\Controllers\SignupController))
11 SYSTEMPATH\CodeIgniter.php(353): CodeIgniter\CodeIgniter->handleRequest(null, Object(Config\Cache), false)
12 FCPATH\index.php(79): CodeIgniter\CodeIgniter->run()
13 SYSTEMPATH\Commands\Server\rewrite.php(47): require_once('C:\\laragon\\www\\Colegio_de_PuertoGalera\\public\\index.php')
ERROR - 2024-04-14 12:56:41 --> mysqli_sql_exception: Table 'colegiodb.admin_accounts' doesn't exist in C:\laragon\www\Colegio_de_PuertoGalera\system\Database\MySQLi\Connection.php:306
Stack trace:
#0 C:\laragon\www\Colegio_de_PuertoGalera\system\Database\MySQLi\Connection.php(306): mysqli->query('SELECT 1\nFROM `...', 0)
#1 C:\laragon\www\Colegio_de_PuertoGalera\system\Database\BaseConnection.php(692): CodeIgniter\Database\MySQLi\Connection->execute('SELECT 1\nFROM `...')
#2 C:\laragon\www\Colegio_de_PuertoGalera\system\Database\BaseConnection.php(606): CodeIgniter\Database\BaseConnection->simpleQuery('SELECT 1\nFROM `...')
#3 C:\laragon\www\Colegio_de_PuertoGalera\system\Database\BaseBuilder.php(1615): CodeIgniter\Database\BaseConnection->query('SELECT 1\nFROM `...', Array, false)
#4 C:\laragon\www\Colegio_de_PuertoGalera\system\Validation\StrictRules\Rules.php(206): CodeIgniter\Database\BaseBuilder->get()
#5 C:\laragon\www\Colegio_de_PuertoGalera\system\Validation\Validation.php(309): CodeIgniter\Validation\StrictRules\Rules->is_unique('degaleracolegio...', 'email', Array, NULL, 'email')
#6 C:\laragon\www\Colegio_de_PuertoGalera\system\Validation\Validation.php(195): CodeIgniter\Validation\Validation->processRules('email', 'email', 'degaleracolegio...', Array, Array)
#7 C:\laragon\www\Colegio_de_PuertoGalera\system\BaseModel.php(1495): CodeIgniter\Validation\Validation->run(Array, NULL, NULL)
#8 C:\laragon\www\Colegio_de_PuertoGalera\system\BaseModel.php(751): CodeIgniter\BaseModel->validate(Array)
#9 C:\laragon\www\Colegio_de_PuertoGalera\system\Model.php(715): CodeIgniter\BaseModel->insert(Array, true)
#10 C:\laragon\www\Colegio_de_PuertoGalera\app\Controllers\SignupController.php(72): CodeIgniter\Model->insert(Array)
#11 C:\laragon\www\Colegio_de_PuertoGalera\system\CodeIgniter.php(919): App\Controllers\SignupController->store()
#12 C:\laragon\www\Colegio_de_PuertoGalera\system\CodeIgniter.php(494): CodeIgniter\CodeIgniter->runController(Object(App\Controllers\SignupController))
#13 C:\laragon\www\Colegio_de_PuertoGalera\system\CodeIgniter.php(353): CodeIgniter\CodeIgniter->handleRequest(NULL, Object(Config\Cache), false)
#14 C:\laragon\www\Colegio_de_PuertoGalera\public\index.php(79): CodeIgniter\CodeIgniter->run()
#15 C:\laragon\www\Colegio_de_PuertoGalera\system\Commands\Server\rewrite.php(47): require_once('C:\\laragon\\www\\...')
#16 {main}
CRITICAL - 2024-04-14 12:56:41 --> Table 'colegiodb.admin_accounts' doesn't exist
in SYSTEMPATH\Database\BaseConnection.php on line 646.
 1 SYSTEMPATH\Database\BaseBuilder.php(1615): CodeIgniter\Database\BaseConnection->query('SELECT 1
FROM `admin_accounts`
WHERE `email` = :email:
 LIMIT 1', [...], false)
 2 SYSTEMPATH\Validation\StrictRules\Rules.php(206): CodeIgniter\Database\BaseBuilder->get()
 3 SYSTEMPATH\Validation\Validation.php(309): CodeIgniter\Validation\StrictRules\Rules->is_unique('degaleracolegio@gmail.com', 'email', [...], null, 'email')
 4 SYSTEMPATH\Validation\Validation.php(195): CodeIgniter\Validation\Validation->processRules('email', 'email', 'degaleracolegio@gmail.com', [...], [...])
 5 SYSTEMPATH\BaseModel.php(1495): CodeIgniter\Validation\Validation->run([...], null, null)
 6 SYSTEMPATH\BaseModel.php(751): CodeIgniter\BaseModel->validate([...])
 7 SYSTEMPATH\Model.php(715): CodeIgniter\BaseModel->insert([...], true)
 8 APPPATH\Controllers\SignupController.php(72): CodeIgniter\Model->insert([...])
 9 SYSTEMPATH\CodeIgniter.php(919): App\Controllers\SignupController->store()
10 SYSTEMPATH\CodeIgniter.php(494): CodeIgniter\CodeIgniter->runController(Object(App\Controllers\SignupController))
11 SYSTEMPATH\CodeIgniter.php(353): CodeIgniter\CodeIgniter->handleRequest(null, Object(Config\Cache), false)
12 FCPATH\index.php(79): CodeIgniter\CodeIgniter->run()
13 SYSTEMPATH\Commands\Server\rewrite.php(47): require_once('C:\\laragon\\www\\Colegio_de_PuertoGalera\\public\\index.php')
ERROR - 2024-04-14 12:58:32 --> mysqli_sql_exception: Table 'colegiodb.admin_accounts' doesn't exist in C:\laragon\www\Colegio_de_PuertoGalera\system\Database\MySQLi\Connection.php:306
Stack trace:
#0 C:\laragon\www\Colegio_de_PuertoGalera\system\Database\MySQLi\Connection.php(306): mysqli->query('SELECT 1\nFROM `...', 0)
#1 C:\laragon\www\Colegio_de_PuertoGalera\system\Database\BaseConnection.php(692): CodeIgniter\Database\MySQLi\Connection->execute('SELECT 1\nFROM `...')
#2 C:\laragon\www\Colegio_de_PuertoGalera\system\Database\BaseConnection.php(606): CodeIgniter\Database\BaseConnection->simpleQuery('SELECT 1\nFROM `...')
#3 C:\laragon\www\Colegio_de_PuertoGalera\system\Database\BaseBuilder.php(1615): CodeIgniter\Database\BaseConnection->query('SELECT 1\nFROM `...', Array, false)
#4 C:\laragon\www\Colegio_de_PuertoGalera\system\Validation\StrictRules\Rules.php(206): CodeIgniter\Database\BaseBuilder->get()
#5 C:\laragon\www\Colegio_de_PuertoGalera\system\Validation\Validation.php(309): CodeIgniter\Validation\StrictRules\Rules->is_unique('degaleracolegio...', 'email', Array, NULL, 'email')
#6 C:\laragon\www\Colegio_de_PuertoGalera\system\Validation\Validation.php(195): CodeIgniter\Validation\Validation->processRules('email', 'email', 'degaleracolegio...', Array, Array)
#7 C:\laragon\www\Colegio_de_PuertoGalera\system\BaseModel.php(1495): CodeIgniter\Validation\Validation->run(Array, NULL, NULL)
#8 C:\laragon\www\Colegio_de_PuertoGalera\system\BaseModel.php(751): CodeIgniter\BaseModel->validate(Array)
#9 C:\laragon\www\Colegio_de_PuertoGalera\system\Model.php(715): CodeIgniter\BaseModel->insert(Array, true)
#10 C:\laragon\www\Colegio_de_PuertoGalera\app\Controllers\SignupController.php(72): CodeIgniter\Model->insert(Array)
#11 C:\laragon\www\Colegio_de_PuertoGalera\system\CodeIgniter.php(919): App\Controllers\SignupController->store()
#12 C:\laragon\www\Colegio_de_PuertoGalera\system\CodeIgniter.php(494): CodeIgniter\CodeIgniter->runController(Object(App\Controllers\SignupController))
#13 C:\laragon\www\Colegio_de_PuertoGalera\system\CodeIgniter.php(353): CodeIgniter\CodeIgniter->handleRequest(NULL, Object(Config\Cache), false)
#14 C:\laragon\www\Colegio_de_PuertoGalera\public\index.php(79): CodeIgniter\CodeIgniter->run()
#15 C:\laragon\www\Colegio_de_PuertoGalera\system\Commands\Server\rewrite.php(47): require_once('C:\\laragon\\www\\...')
#16 {main}
CRITICAL - 2024-04-14 12:58:32 --> Table 'colegiodb.admin_accounts' doesn't exist
in SYSTEMPATH\Database\BaseConnection.php on line 646.
 1 SYSTEMPATH\Database\BaseBuilder.php(1615): CodeIgniter\Database\BaseConnection->query('SELECT 1
FROM `admin_accounts`
WHERE `email` = :email:
 LIMIT 1', [...], false)
 2 SYSTEMPATH\Validation\StrictRules\Rules.php(206): CodeIgniter\Database\BaseBuilder->get()
 3 SYSTEMPATH\Validation\Validation.php(309): CodeIgniter\Validation\StrictRules\Rules->is_unique('degaleracolegio@gmail.com', 'email', [...], null, 'email')
 4 SYSTEMPATH\Validation\Validation.php(195): CodeIgniter\Validation\Validation->processRules('email', 'email', 'degaleracolegio@gmail.com', [...], [...])
 5 SYSTEMPATH\BaseModel.php(1495): CodeIgniter\Validation\Validation->run([...], null, null)
 6 SYSTEMPATH\BaseModel.php(751): CodeIgniter\BaseModel->validate([...])
 7 SYSTEMPATH\Model.php(715): CodeIgniter\BaseModel->insert([...], true)
 8 APPPATH\Controllers\SignupController.php(72): CodeIgniter\Model->insert([...])
 9 SYSTEMPATH\CodeIgniter.php(919): App\Controllers\SignupController->store()
10 SYSTEMPATH\CodeIgniter.php(494): CodeIgniter\CodeIgniter->runController(Object(App\Controllers\SignupController))
11 SYSTEMPATH\CodeIgniter.php(353): CodeIgniter\CodeIgniter->handleRequest(null, Object(Config\Cache), false)
12 FCPATH\index.php(79): CodeIgniter\CodeIgniter->run()
13 SYSTEMPATH\Commands\Server\rewrite.php(47): require_once('C:\\laragon\\www\\Colegio_de_PuertoGalera\\public\\index.php')
CRITICAL - 2024-04-14 13:03:48 --> Class "App\Controllers\AdminAccountModel" not found
in APPPATH\Controllers\SignupController.php on line 59.
 1 SYSTEMPATH\CodeIgniter.php(919): App\Controllers\SignupController->store()
 2 SYSTEMPATH\CodeIgniter.php(494): CodeIgniter\CodeIgniter->runController(Object(App\Controllers\SignupController))
 3 SYSTEMPATH\CodeIgniter.php(353): CodeIgniter\CodeIgniter->handleRequest(null, Object(Config\Cache), false)
 4 FCPATH\index.php(79): CodeIgniter\CodeIgniter->run()
 5 SYSTEMPATH\Commands\Server\rewrite.php(47): require_once('C:\\laragon\\www\\Colegio_de_PuertoGalera\\public\\index.php')
CRITICAL - 2024-04-14 15:01:09 --> Call to undefined method App\Controllers\SignupController::isEmailVerified()
in APPPATH\Controllers\SignupController.php on line 60.
 1 SYSTEMPATH\CodeIgniter.php(919): App\Controllers\SignupController->store()
 2 SYSTEMPATH\CodeIgniter.php(494): CodeIgniter\CodeIgniter->runController(Object(App\Controllers\SignupController))
 3 SYSTEMPATH\CodeIgniter.php(353): CodeIgniter\CodeIgniter->handleRequest(null, Object(Config\Cache), false)
 4 FCPATH\index.php(79): CodeIgniter\CodeIgniter->run()
 5 SYSTEMPATH\Commands\Server\rewrite.php(47): require_once('C:\\laragon\\www\\Colegio_de_PuertoGalera\\public\\index.php')
CRITICAL - 2024-04-14 15:01:32 --> Call to undefined method App\Controllers\SignupController::isEmailVerified()
in APPPATH\Controllers\SignupController.php on line 60.
 1 SYSTEMPATH\CodeIgniter.php(919): App\Controllers\SignupController->store()
 2 SYSTEMPATH\CodeIgniter.php(494): CodeIgniter\CodeIgniter->runController(Object(App\Controllers\SignupController))
 3 SYSTEMPATH\CodeIgniter.php(353): CodeIgniter\CodeIgniter->handleRequest(null, Object(Config\Cache), false)
 4 FCPATH\index.php(79): CodeIgniter\CodeIgniter->run()
 5 SYSTEMPATH\Commands\Server\rewrite.php(47): require_once('C:\\laragon\\www\\Colegio_de_PuertoGalera\\public\\index.php')
CRITICAL - 2024-04-14 15:03:59 --> Call to a member function isEmailVerified() on null
in APPPATH\Controllers\SignupController.php on line 63.
 1 SYSTEMPATH\CodeIgniter.php(919): App\Controllers\SignupController->store()
 2 SYSTEMPATH\CodeIgniter.php(494): CodeIgniter\CodeIgniter->runController(Object(App\Controllers\SignupController))
 3 SYSTEMPATH\CodeIgniter.php(353): CodeIgniter\CodeIgniter->handleRequest(null, Object(Config\Cache), false)
 4 FCPATH\index.php(79): CodeIgniter\CodeIgniter->run()
 5 SYSTEMPATH\Commands\Server\rewrite.php(47): require_once('C:\\laragon\\www\\Colegio_de_PuertoGalera\\public\\index.php')
CRITICAL - 2024-04-14 15:04:13 --> Call to a member function isEmailVerified() on null
in APPPATH\Controllers\SignupController.php on line 63.
 1 SYSTEMPATH\CodeIgniter.php(919): App\Controllers\SignupController->store()
 2 SYSTEMPATH\CodeIgniter.php(494): CodeIgniter\CodeIgniter->runController(Object(App\Controllers\SignupController))
 3 SYSTEMPATH\CodeIgniter.php(353): CodeIgniter\CodeIgniter->handleRequest(null, Object(Config\Cache), false)
 4 FCPATH\index.php(79): CodeIgniter\CodeIgniter->run()
 5 SYSTEMPATH\Commands\Server\rewrite.php(47): require_once('C:\\laragon\\www\\Colegio_de_PuertoGalera\\public\\index.php')
CRITICAL - 2024-04-14 15:06:45 --> Call to a member function isEmailVerified() on null
in APPPATH\Controllers\SignupController.php on line 63.
 1 SYSTEMPATH\CodeIgniter.php(919): App\Controllers\SignupController->store()
 2 SYSTEMPATH\CodeIgniter.php(494): CodeIgniter\CodeIgniter->runController(Object(App\Controllers\SignupController))
 3 SYSTEMPATH\CodeIgniter.php(353): CodeIgniter\CodeIgniter->handleRequest(null, Object(Config\Cache), false)
 4 FCPATH\index.php(79): CodeIgniter\CodeIgniter->run()
 5 SYSTEMPATH\Commands\Server\rewrite.php(47): require_once('C:\\laragon\\www\\Colegio_de_PuertoGalera\\public\\index.php')
CRITICAL - 2024-04-14 15:08:36 --> Call to undefined method App\Controllers\SignupController::isEmailVerified()
in APPPATH\Controllers\SignupController.php on line 63.
 1 SYSTEMPATH\CodeIgniter.php(919): App\Controllers\SignupController->store()
 2 SYSTEMPATH\CodeIgniter.php(494): CodeIgniter\CodeIgniter->runController(Object(App\Controllers\SignupController))
 3 SYSTEMPATH\CodeIgniter.php(353): CodeIgniter\CodeIgniter->handleRequest(null, Object(Config\Cache), false)
 4 FCPATH\index.php(79): CodeIgniter\CodeIgniter->run()
 5 SYSTEMPATH\Commands\Server\rewrite.php(47): require_once('C:\\laragon\\www\\Colegio_de_PuertoGalera\\public\\index.php')
CRITICAL - 2024-04-14 17:17:55 --> Undefined variable $data
in APPPATH\Controllers\SignupController.php on line 60.
 1 APPPATH\Controllers\SignupController.php(60): CodeIgniter\Debug\Exceptions->errorHandler(2, 'Undefined variable $data', 'C:\\laragon\\www\\Colegio_de_PuertoGalera\\app\\Controllers\\SignupController.php', 60)
 2 SYSTEMPATH\CodeIgniter.php(919): App\Controllers\SignupController->store()
 3 SYSTEMPATH\CodeIgniter.php(494): CodeIgniter\CodeIgniter->runController(Object(App\Controllers\SignupController))
 4 SYSTEMPATH\CodeIgniter.php(353): CodeIgniter\CodeIgniter->handleRequest(null, Object(Config\Cache), false)
 5 FCPATH\index.php(79): CodeIgniter\CodeIgniter->run()
 6 SYSTEMPATH\Commands\Server\rewrite.php(47): require_once('C:\\laragon\\www\\Colegio_de_PuertoGalera\\public\\index.php')
CRITICAL - 2024-04-14 17:21:29 --> Undefined variable $userData
in APPPATH\Controllers\SigninController.php on line 40.
 1 APPPATH\Controllers\SigninController.php(40): CodeIgniter\Debug\Exceptions->errorHandler(2, 'Undefined variable $userData', 'C:\\laragon\\www\\Colegio_de_PuertoGalera\\app\\Controllers\\SigninController.php', 40)
 2 SYSTEMPATH\CodeIgniter.php(919): App\Controllers\SigninController->loginAuth()
 3 SYSTEMPATH\CodeIgniter.php(494): CodeIgniter\CodeIgniter->runController(Object(App\Controllers\SigninController))
 4 SYSTEMPATH\CodeIgniter.php(353): CodeIgniter\CodeIgniter->handleRequest(null, Object(Config\Cache), false)
 5 FCPATH\index.php(79): CodeIgniter\CodeIgniter->run()
 6 SYSTEMPATH\Commands\Server\rewrite.php(47): require_once('C:\\laragon\\www\\Colegio_de_PuertoGalera\\public\\index.php')
CRITICAL - 2024-04-14 17:22:26 --> Undefined variable $data
in APPPATH\Controllers\SignupController.php on line 60.
 1 APPPATH\Controllers\SignupController.php(60): CodeIgniter\Debug\Exceptions->errorHandler(2, 'Undefined variable $data', 'C:\\laragon\\www\\Colegio_de_PuertoGalera\\app\\Controllers\\SignupController.php', 60)
 2 SYSTEMPATH\CodeIgniter.php(919): App\Controllers\SignupController->store()
 3 SYSTEMPATH\CodeIgniter.php(494): CodeIgniter\CodeIgniter->runController(Object(App\Controllers\SignupController))
 4 SYSTEMPATH\CodeIgniter.php(353): CodeIgniter\CodeIgniter->handleRequest(null, Object(Config\Cache), false)
 5 FCPATH\index.php(79): CodeIgniter\CodeIgniter->run()
 6 SYSTEMPATH\Commands\Server\rewrite.php(47): require_once('C:\\laragon\\www\\Colegio_de_PuertoGalera\\public\\index.php')
